<?xml version="1.0" encoding="UTF-8"?>
<!-- Generated by org.testng.reporters.JUnitXMLReporter -->
<testsuite hostname="IBM763-PC0F1EA8" ignored="0" name="Test" tests="3" failures="0" timestamp="09 Nov 2018 10:29:36 GMT" time="57.557" errors="0">
  <testcase name="basepagenavigation" time="18.138" classname="Academy.Project.HomePage"/>
  <testcase name="basepagenavigation" time="10.981" classname="Academy.Project.HomePage"/>
  <testcase name="basepagenavigation" time="0.141" classname="Academy.Project.validateTitle"/>
</testsuite> <!-- Test -->
