<?xml version="1.0" encoding="UTF-8"?>
<testng-results skipped="0" failed="0" ignored="0" total="3" passed="3">
  <reporter-output>
  </reporter-output>
  <suite name="Suite" duration-ms="57557" started-at="2018-11-09T10:28:38Z" finished-at="2018-11-09T10:29:36Z">
    <groups>
    </groups>
    <test name="Test" duration-ms="57557" started-at="2018-11-09T10:28:38Z" finished-at="2018-11-09T10:29:36Z">
      <class name="Academy.Project.HomePage">
        <test-method status="PASS" signature="diveropen()[pri:0, instance:Academy.Project.HomePage@3444d69d]" name="diveropen" is-config="true" duration-ms="16239" started-at="2018-11-09T10:28:38Z" finished-at="2018-11-09T10:28:54Z">
          <reporter-output>
          </reporter-output>
        </test-method> <!-- diveropen -->
        <test-method status="PASS" signature="diveropen()[pri:0, instance:Academy.Project.validateTitle@1372ed45]" name="diveropen" is-config="true" duration-ms="9637" started-at="2018-11-09T10:28:54Z" finished-at="2018-11-09T10:29:04Z">
          <reporter-output>
          </reporter-output>
        </test-method> <!-- diveropen -->
        <test-method status="PASS" signature="basepagenavigation(java.lang.String, java.lang.String)[pri:0, instance:Academy.Project.HomePage@3444d69d]" name="basepagenavigation" duration-ms="18138" started-at="2018-11-09T10:29:04Z" data-provider="getData" finished-at="2018-11-09T10:29:22Z">
          <params>
            <param index="0">
              <value>
                <![CDATA[nonrestricteduser@go.com]]>
              </value>
            </param>
            <param index="1">
              <value>
                <![CDATA[123456]]>
              </value>
            </param>
          </params>
          <reporter-output>
          </reporter-output>
        </test-method> <!-- basepagenavigation -->
        <test-method status="PASS" signature="basepagenavigation(java.lang.String, java.lang.String)[pri:0, instance:Academy.Project.HomePage@3444d69d]" name="basepagenavigation" duration-ms="10981" started-at="2018-11-09T10:29:22Z" data-provider="getData" finished-at="2018-11-09T10:29:33Z">
          <params>
            <param index="0">
              <value>
                <![CDATA[restricteduser@go.com]]>
              </value>
            </param>
            <param index="1">
              <value>
                <![CDATA[456789]]>
              </value>
            </param>
          </params>
          <reporter-output>
          </reporter-output>
        </test-method> <!-- basepagenavigation -->
        <test-method status="PASS" signature="endofTest()[pri:0, instance:Academy.Project.HomePage@3444d69d]" name="endofTest" is-config="true" duration-ms="2149" started-at="2018-11-09T10:29:33Z" finished-at="2018-11-09T10:29:35Z">
          <reporter-output>
          </reporter-output>
        </test-method> <!-- endofTest -->
        <test-method status="PASS" signature="endofTest()[pri:0, instance:Academy.Project.validateTitle@1372ed45]" name="endofTest" is-config="true" duration-ms="225" started-at="2018-11-09T10:29:35Z" finished-at="2018-11-09T10:29:36Z">
          <reporter-output>
          </reporter-output>
        </test-method> <!-- endofTest -->
      </class> <!-- Academy.Project.HomePage -->
      <class name="Academy.Project.validateTitle">
        <test-method status="PASS" signature="basepagenavigation()[pri:0, instance:Academy.Project.validateTitle@1372ed45]" name="basepagenavigation" duration-ms="141" started-at="2018-11-09T10:29:33Z" finished-at="2018-11-09T10:29:33Z">
          <reporter-output>
          </reporter-output>
        </test-method> <!-- basepagenavigation -->
      </class> <!-- Academy.Project.validateTitle -->
    </test> <!-- Test -->
  </suite> <!-- Suite -->
</testng-results>
